<?xml version="1.0" encoding="UTF-8"?>
<coverage generated="1752255906163" clover="3.2.0">
  <project timestamp="1752255906163" name="All files">
    <metrics statements="288" coveredstatements="263" conditionals="80" coveredconditionals="74" methods="89" coveredmethods="78" elements="457" coveredelements="415" complexity="0" loc="288" ncloc="288" packages="6" files="6" classes="6"/>
    <package name="src">
      <metrics statements="5" coveredstatements="0" conditionals="0" coveredconditionals="0" methods="8" coveredmethods="0"/>
      <file name="index.ts" path="/Users/kyungrae/workspace/dev/js/tiptaptoe/packages/@tiptaptoe/extension-comments/src/index.ts">
        <metrics statements="5" coveredstatements="0" conditionals="0" coveredconditionals="0" methods="8" coveredmethods="0"/>
        <line num="2" count="0" type="stmt"/>
        <line num="5" count="0" type="stmt"/>
        <line num="8" count="0" type="stmt"/>
        <line num="11" count="0" type="stmt"/>
        <line num="14" count="0" type="stmt"/>
      </file>
    </package>
    <package name="src.extension">
      <metrics statements="122" coveredstatements="105" conditionals="33" coveredconditionals="28" methods="27" coveredmethods="24"/>
      <file name="CommentsKit.ts" path="/Users/kyungrae/workspace/dev/js/tiptaptoe/packages/@tiptaptoe/extension-comments/src/extension/CommentsKit.ts">
        <metrics statements="122" coveredstatements="105" conditionals="33" coveredconditionals="28" methods="27" coveredmethods="24"/>
        <line num="1" count="3" type="stmt"/>
        <line num="2" count="3" type="stmt"/>
        <line num="3" count="3" type="stmt"/>
        <line num="4" count="3" type="stmt"/>
        <line num="7" count="3" type="stmt"/>
        <line num="11" count="3" type="stmt"/>
        <line num="24" count="71" type="stmt"/>
        <line num="32" count="143" type="cond" truecount="2" falsecount="0"/>
        <line num="38" count="143" type="cond" truecount="2" falsecount="0"/>
        <line num="40" count="143" type="stmt"/>
        <line num="50" count="0" type="cond" truecount="0" falsecount="1"/>
        <line num="51" count="0" type="stmt"/>
        <line num="53" count="0" type="stmt"/>
        <line num="65" count="71" type="stmt"/>
        <line num="67" count="71" type="stmt"/>
        <line num="68" count="39" type="cond" truecount="0" falsecount="1"/>
        <line num="69" count="39" type="stmt"/>
        <line num="70" count="39" type="stmt"/>
        <line num="72" count="39" type="cond" truecount="1" falsecount="0"/>
        <line num="73" count="1" type="stmt"/>
        <line num="76" count="38" type="cond" truecount="1" falsecount="1"/>
        <line num="77" count="38" type="cond" truecount="2" falsecount="0"/>
        <line num="79" count="38" type="stmt"/>
        <line num="80" count="38" type="stmt"/>
        <line num="83" count="38" type="stmt"/>
        <line num="84" count="38" type="stmt"/>
        <line num="86" count="38" type="cond" truecount="1" falsecount="0"/>
        <line num="87" count="1" type="stmt"/>
        <line num="90" count="38" type="cond" truecount="1" falsecount="0"/>
        <line num="91" count="38" type="stmt"/>
        <line num="94" count="38" type="stmt"/>
        <line num="96" count="0" type="stmt"/>
        <line num="97" count="0" type="stmt"/>
        <line num="101" count="3" type="stmt"/>
        <line num="102" count="3" type="stmt"/>
        <line num="104" count="3" type="stmt"/>
        <line num="105" count="3" type="stmt"/>
        <line num="108" count="3" type="stmt"/>
        <line num="109" count="3" type="stmt"/>
        <line num="111" count="3" type="stmt"/>
        <line num="112" count="8" type="cond" truecount="1" falsecount="0"/>
        <line num="113" count="8" type="stmt"/>
        <line num="114" count="2" type="cond" truecount="3" falsecount="0"/>
        <line num="115" count="2" type="stmt"/>
        <line num="121" count="3" type="stmt"/>
        <line num="123" count="3" type="cond" truecount="1" falsecount="0"/>
        <line num="124" count="1" type="stmt"/>
        <line num="127" count="3" type="cond" truecount="1" falsecount="0"/>
        <line num="128" count="3" type="stmt"/>
        <line num="131" count="3" type="stmt"/>
        <line num="133" count="0" type="stmt"/>
        <line num="134" count="0" type="stmt"/>
        <line num="138" count="3" type="stmt"/>
        <line num="139" count="3" type="stmt"/>
        <line num="141" count="3" type="cond" truecount="1" falsecount="0"/>
        <line num="142" count="1" type="stmt"/>
        <line num="145" count="2" type="stmt"/>
        <line num="146" count="2" type="stmt"/>
        <line num="148" count="2" type="cond" truecount="1" falsecount="0"/>
        <line num="149" count="1" type="stmt"/>
        <line num="152" count="2" type="cond" truecount="1" falsecount="0"/>
        <line num="153" count="2" type="stmt"/>
        <line num="156" count="2" type="stmt"/>
        <line num="159" count="1" type="stmt"/>
        <line num="160" count="1" type="stmt"/>
        <line num="161" count="1" type="stmt"/>
        <line num="163" count="1" type="cond" truecount="1" falsecount="0"/>
        <line num="164" count="1" type="stmt"/>
        <line num="167" count="1" type="stmt"/>
        <line num="170" count="5" type="stmt"/>
        <line num="171" count="5" type="stmt"/>
        <line num="173" count="5" type="stmt"/>
        <line num="174" count="5" type="stmt"/>
        <line num="175" count="5" type="cond" truecount="1" falsecount="0"/>
        <line num="176" count="1" type="stmt"/>
        <line num="177" count="1" type="stmt"/>
        <line num="180" count="4" type="stmt"/>
        <line num="181" count="4" type="stmt"/>
        <line num="183" count="4" type="cond" truecount="1" falsecount="0"/>
        <line num="184" count="1" type="stmt"/>
        <line num="187" count="4" type="cond" truecount="1" falsecount="0"/>
        <line num="188" count="4" type="stmt"/>
        <line num="191" count="4" type="stmt"/>
        <line num="193" count="0" type="stmt"/>
        <line num="194" count="0" type="stmt"/>
        <line num="198" count="2" type="stmt"/>
        <line num="199" count="2" type="stmt"/>
        <line num="201" count="2" type="stmt"/>
        <line num="202" count="2" type="stmt"/>
        <line num="203" count="2" type="stmt"/>
        <line num="205" count="2" type="cond" truecount="1" falsecount="0"/>
        <line num="206" count="2" type="stmt"/>
        <line num="209" count="2" type="stmt"/>
        <line num="211" count="0" type="stmt"/>
        <line num="212" count="0" type="stmt"/>
        <line num="216" count="4" type="stmt"/>
        <line num="217" count="4" type="stmt"/>
        <line num="219" count="4" type="stmt"/>
        <line num="220" count="4" type="stmt"/>
        <line num="221" count="3" type="stmt"/>
        <line num="223" count="3" type="cond" truecount="1" falsecount="0"/>
        <line num="224" count="1" type="stmt"/>
        <line num="227" count="3" type="cond" truecount="1" falsecount="0"/>
        <line num="228" count="3" type="stmt"/>
        <line num="231" count="3" type="stmt"/>
        <line num="233" count="1" type="stmt"/>
        <line num="234" count="1" type="stmt"/>
        <line num="238" count="2" type="stmt"/>
        <line num="239" count="2" type="stmt"/>
        <line num="241" count="2" type="stmt"/>
        <line num="242" count="2" type="stmt"/>
        <line num="243" count="2" type="stmt"/>
        <line num="245" count="2" type="cond" truecount="1" falsecount="0"/>
        <line num="246" count="2" type="stmt"/>
        <line num="249" count="2" type="stmt"/>
        <line num="251" count="0" type="stmt"/>
        <line num="252" count="0" type="stmt"/>
        <line num="259" count="71" type="stmt"/>
        <line num="261" count="0" type="stmt"/>
        <line num="262" count="0" type="cond" truecount="0" falsecount="1"/>
        <line num="263" count="0" type="stmt"/>
        <line num="265" count="0" type="stmt"/>
      </file>
    </package>
    <package name="src.hooks">
      <metrics statements="40" coveredstatements="38" conditionals="11" coveredconditionals="11" methods="9" coveredmethods="9"/>
      <file name="useThreads.ts" path="/Users/kyungrae/workspace/dev/js/tiptaptoe/packages/@tiptaptoe/extension-comments/src/hooks/useThreads.ts">
        <metrics statements="40" coveredstatements="38" conditionals="11" coveredconditionals="11" methods="9" coveredmethods="9"/>
        <line num="1" count="1" type="stmt"/>
        <line num="3" count="1" type="stmt"/>
        <line num="17" count="1" type="stmt"/>
        <line num="22" count="53" type="stmt"/>
        <line num="25" count="53" type="stmt"/>
        <line num="26" count="23" type="cond" truecount="1" falsecount="0"/>
        <line num="28" count="20" type="stmt"/>
        <line num="29" count="20" type="stmt"/>
        <line num="31" count="20" type="stmt"/>
        <line num="32" count="20" type="stmt"/>
        <line num="35" count="53" type="stmt"/>
        <line num="36" count="5" type="cond" truecount="3" falsecount="0"/>
        <line num="38" count="3" type="stmt"/>
        <line num="39" count="2" type="cond" truecount="1" falsecount="0"/>
        <line num="41" count="1" type="stmt"/>
        <line num="43" count="1" type="stmt"/>
        <line num="45" count="1" type="stmt"/>
        <line num="47" count="0" type="stmt"/>
        <line num="48" count="0" type="stmt"/>
        <line num="52" count="53" type="stmt"/>
        <line num="53" count="2" type="cond" truecount="1" falsecount="0"/>
        <line num="55" count="1" type="stmt"/>
        <line num="58" count="53" type="stmt"/>
        <line num="59" count="2" type="cond" truecount="1" falsecount="0"/>
        <line num="61" count="1" type="stmt"/>
        <line num="64" count="53" type="stmt"/>
        <line num="65" count="2" type="cond" truecount="1" falsecount="0"/>
        <line num="67" count="1" type="stmt"/>
        <line num="70" count="53" type="stmt"/>
        <line num="76" count="2" type="cond" truecount="1" falsecount="0"/>
        <line num="78" count="1" type="stmt"/>
        <line num="86" count="53" type="stmt"/>
        <line num="87" count="2" type="cond" truecount="1" falsecount="0"/>
        <line num="89" count="1" type="stmt"/>
        <line num="95" count="53" type="stmt"/>
        <line num="100" count="4" type="cond" truecount="1" falsecount="0"/>
        <line num="102" count="3" type="stmt"/>
        <line num="103" count="3" type="stmt"/>
        <line num="105" count="1" type="stmt"/>
        <line num="109" count="53" type="stmt"/>
      </file>
    </package>
    <package name="src.marks">
      <metrics statements="28" coveredstatements="28" conditionals="5" coveredconditionals="5" methods="18" coveredmethods="18"/>
      <file name="CommentMark.ts" path="/Users/kyungrae/workspace/dev/js/tiptaptoe/packages/@tiptaptoe/extension-comments/src/marks/CommentMark.ts">
        <metrics statements="28" coveredstatements="28" conditionals="5" coveredconditionals="5" methods="18" coveredmethods="18"/>
        <line num="1" count="4" type="stmt"/>
        <line num="18" count="4" type="stmt"/>
        <line num="22" count="4" type="stmt"/>
        <line num="29" count="87" type="stmt"/>
        <line num="32" count="3" type="stmt"/>
        <line num="33" count="65" type="stmt"/>
        <line num="39" count="3" type="stmt"/>
        <line num="40" count="65" type="stmt"/>
        <line num="48" count="87" type="stmt"/>
        <line num="56" count="65" type="stmt"/>
        <line num="66" count="87" type="stmt"/>
        <line num="67" count="14" type="stmt"/>
        <line num="68" count="14" type="stmt"/>
        <line num="70" count="3" type="stmt"/>
        <line num="71" count="3" type="cond" truecount="1" falsecount="0"/>
        <line num="72" count="2" type="stmt"/>
        <line num="73" count="2" type="stmt"/>
        <line num="75" count="2" type="stmt"/>
        <line num="76" count="8" type="cond" truecount="1" falsecount="0"/>
        <line num="77" count="8" type="stmt"/>
        <line num="78" count="4" type="cond" truecount="3" falsecount="0"/>
        <line num="79" count="2" type="stmt"/>
        <line num="88" count="2" type="stmt"/>
        <line num="89" count="2" type="stmt"/>
        <line num="92" count="2" type="stmt"/>
        <line num="95" count="1" type="stmt"/>
        <line num="97" count="2" type="stmt"/>
        <line num="98" count="2" type="stmt"/>
      </file>
    </package>
    <package name="src.storage">
      <metrics statements="56" coveredstatements="55" conditionals="10" coveredconditionals="9" methods="17" coveredmethods="17"/>
      <file name="DefaultProvider.ts" path="/Users/kyungrae/workspace/dev/js/tiptaptoe/packages/@tiptaptoe/extension-comments/src/storage/DefaultProvider.ts">
        <metrics statements="56" coveredstatements="55" conditionals="10" coveredconditionals="9" methods="17" coveredmethods="17"/>
        <line num="1" count="4" type="stmt"/>
        <line num="4" count="4" type="stmt"/>
        <line num="5" count="162" type="stmt"/>
        <line num="6" count="162" type="stmt"/>
        <line num="8" count="162" type="stmt"/>
        <line num="13" count="129" type="stmt"/>
        <line num="17" count="16" type="stmt"/>
        <line num="21" count="71" type="stmt"/>
        <line num="28" count="71" type="stmt"/>
        <line num="29" count="71" type="stmt"/>
        <line num="30" count="71" type="stmt"/>
        <line num="34" count="4" type="stmt"/>
        <line num="35" count="4" type="stmt"/>
        <line num="39" count="8" type="stmt"/>
        <line num="40" count="8" type="cond" truecount="1" falsecount="0"/>
        <line num="41" count="8" type="stmt"/>
        <line num="42" count="8" type="stmt"/>
        <line num="43" count="8" type="stmt"/>
        <line num="48" count="3" type="stmt"/>
        <line num="49" count="3" type="cond" truecount="1" falsecount="0"/>
        <line num="50" count="3" type="stmt"/>
        <line num="51" count="3" type="stmt"/>
        <line num="52" count="3" type="stmt"/>
        <line num="57" count="10" type="stmt"/>
        <line num="58" count="10" type="cond" truecount="2" falsecount="0"/>
        <line num="62" count="16" type="stmt"/>
        <line num="63" count="16" type="cond" truecount="1" falsecount="0"/>
        <line num="64" count="1" type="stmt"/>
        <line num="67" count="15" type="stmt"/>
        <line num="76" count="15" type="stmt"/>
        <line num="77" count="15" type="stmt"/>
        <line num="78" count="15" type="stmt"/>
        <line num="82" count="7" type="stmt"/>
        <line num="83" count="7" type="cond" truecount="1" falsecount="0"/>
        <line num="84" count="2" type="stmt"/>
        <line num="87" count="5" type="stmt"/>
        <line num="88" count="5" type="cond" truecount="1" falsecount="0"/>
        <line num="89" count="1" type="stmt"/>
        <line num="92" count="4" type="stmt"/>
        <line num="93" count="4" type="stmt"/>
        <line num="94" count="4" type="cond" truecount="1" falsecount="0"/>
        <line num="95" count="1" type="stmt"/>
        <line num="98" count="4" type="stmt"/>
        <line num="99" count="4" type="stmt"/>
        <line num="103" count="4" type="stmt"/>
        <line num="104" count="4" type="cond" truecount="0" falsecount="1"/>
        <line num="105" count="0" type="stmt"/>
        <line num="108" count="4" type="stmt"/>
        <line num="109" count="4" type="cond" truecount="1" falsecount="0"/>
        <line num="110" count="3" type="stmt"/>
        <line num="111" count="3" type="stmt"/>
        <line num="116" count="23" type="stmt"/>
        <line num="117" count="23" type="stmt"/>
        <line num="118" count="21" type="stmt"/>
        <line num="123" count="108" type="stmt"/>
        <line num="124" count="108" type="stmt"/>
      </file>
    </package>
    <package name="src.utils">
      <metrics statements="37" coveredstatements="37" conditionals="21" coveredconditionals="21" methods="10" coveredmethods="10"/>
      <file name="hover.ts" path="/Users/kyungrae/workspace/dev/js/tiptaptoe/packages/@tiptaptoe/extension-comments/src/utils/hover.ts">
        <metrics statements="37" coveredstatements="37" conditionals="21" coveredconditionals="21" methods="10" coveredmethods="10"/>
        <line num="3" count="1" type="stmt"/>
        <line num="4" count="9" type="cond" truecount="3" falsecount="0"/>
        <line num="6" count="7" type="stmt"/>
        <line num="7" count="7" type="stmt"/>
        <line num="10" count="7" type="stmt"/>
        <line num="13" count="6" type="stmt"/>
        <line num="14" count="16" type="cond" truecount="1" falsecount="0"/>
        <line num="15" count="16" type="stmt"/>
        <line num="16" count="4" type="cond" truecount="3" falsecount="0"/>
        <line num="17" count="4" type="stmt"/>
        <line num="18" count="4" type="cond" truecount="3" falsecount="0"/>
        <line num="19" count="4" type="stmt"/>
        <line num="20" count="4" type="cond" truecount="2" falsecount="0"/>
        <line num="23" count="4" type="cond" truecount="1" falsecount="0"/>
        <line num="24" count="4" type="stmt"/>
        <line num="33" count="1" type="stmt"/>
        <line num="34" count="12" type="cond" truecount="1" falsecount="0"/>
        <line num="36" count="11" type="stmt"/>
        <line num="39" count="11" type="stmt"/>
        <line num="40" count="9" type="stmt"/>
        <line num="41" count="5" type="stmt"/>
        <line num="45" count="1" type="stmt"/>
        <line num="46" count="7" type="stmt"/>
        <line num="47" count="7" type="stmt"/>
        <line num="49" count="7" type="stmt"/>
        <line num="50" count="2" type="cond" truecount="3" falsecount="0"/>
        <line num="51" count="2" type="stmt"/>
        <line num="55" count="5" type="stmt"/>
        <line num="58" count="1" type="stmt"/>
        <line num="59" count="6" type="stmt"/>
        <line num="60" count="6" type="stmt"/>
        <line num="62" count="6" type="stmt"/>
        <line num="63" count="23" type="cond" truecount="1" falsecount="0"/>
        <line num="64" count="23" type="stmt"/>
        <line num="65" count="9" type="cond" truecount="3" falsecount="0"/>
        <line num="66" count="9" type="stmt"/>
        <line num="76" count="6" type="stmt"/>
      </file>
    </package>
  </project>
</coverage>
