{"/Users/kyungrae/workspace/dev/js/tiptaptoe/packages/@tiptaptoe/extension-comments/src/index.ts": {"path":"/Users/kyungrae/workspace/dev/js/tiptaptoe/packages/@tiptaptoe/extension-comments/src/index.ts","statementMap":{"0":{"start":{"line":2,"column":0},"end":{"line":2,"column":9}},"1":{"start":{"line":2,"column":9},"end":{"line":2,"column":53}},"2":{"start":{"line":5,"column":0},"end":{"line":5,"column":9}},"3":{"start":{"line":5,"column":9},"end":{"line":5,"column":49}},"4":{"start":{"line":8,"column":0},"end":{"line":8,"column":9}},"5":{"start":{"line":8,"column":9},"end":{"line":8,"column":66}},"6":{"start":{"line":11,"column":0},"end":{"line":11,"column":9}},"7":{"start":{"line":11,"column":9},"end":{"line":11,"column":22}},"8":{"start":{"line":11,"column":22},"end":{"line":11,"column":38}},"9":{"start":{"line":11,"column":38},"end":{"line":11,"column":60}},"10":{"start":{"line":11,"column":60},"end":{"line":11,"column":101}},"11":{"start":{"line":14,"column":0},"end":{"line":14,"column":9}},"12":{"start":{"line":14,"column":9},"end":{"line":14,"column":47}}},"fnMap":{"0":{"name":"(anonymous_0)","decl":{"start":{"line":2,"column":9},"end":{"line":2,"column":20}},"loc":{"start":{"line":2,"column":9},"end":{"line":2,"column":53}}},"1":{"name":"(anonymous_1)","decl":{"start":{"line":5,"column":9},"end":{"line":5,"column":20}},"loc":{"start":{"line":5,"column":9},"end":{"line":5,"column":49}}},"2":{"name":"(anonymous_2)","decl":{"start":{"line":8,"column":9},"end":{"line":8,"column":31}},"loc":{"start":{"line":8,"column":9},"end":{"line":8,"column":66}}},"3":{"name":"(anonymous_3)","decl":{"start":{"line":11,"column":9},"end":{"line":11,"column":20}},"loc":{"start":{"line":11,"column":9},"end":{"line":11,"column":22}}},"4":{"name":"(anonymous_4)","decl":{"start":{"line":11,"column":22},"end":{"line":11,"column":36}},"loc":{"start":{"line":11,"column":22},"end":{"line":11,"column":38}}},"5":{"name":"(anonymous_5)","decl":{"start":{"line":11,"column":38},"end":{"line":11,"column":58}},"loc":{"start":{"line":11,"column":38},"end":{"line":11,"column":60}}},"6":{"name":"(anonymous_6)","decl":{"start":{"line":11,"column":60},"end":{"line":11,"column":78}},"loc":{"start":{"line":11,"column":60},"end":{"line":11,"column":101}}},"7":{"name":"(anonymous_7)","decl":{"start":{"line":14,"column":9},"end":{"line":14,"column":19}},"loc":{"start":{"line":14,"column":9},"end":{"line":14,"column":47}}}},"branchMap":{},"s":{"0":0,"1":0,"2":0,"3":0,"4":0,"5":0,"6":0,"7":0,"8":0,"9":0,"10":0,"11":0,"12":0},"f":{"0":0,"1":0,"2":0,"3":0,"4":0,"5":0,"6":0,"7":0},"b":{}}
,"/Users/kyungrae/workspace/dev/js/tiptaptoe/packages/@tiptaptoe/extension-comments/src/extension/CommentsKit.ts": {"path":"/Users/kyungrae/workspace/dev/js/tiptaptoe/packages/@tiptaptoe/extension-comments/src/extension/CommentsKit.ts","statementMap":{"0":{"start":{"line":1,"column":0},"end":{"line":1,"column":40}},"1":{"start":{"line":2,"column":0},"end":{"line":2,"column":33}},"2":{"start":{"line":3,"column":0},"end":{"line":3,"column":50}},"3":{"start":{"line":4,"column":0},"end":{"line":4,"column":67}},"4":{"start":{"line":7,"column":13},"end":{"line":269,"column":null}},"5":{"start":{"line":11,"column":4},"end":{"line":20,"column":null}},"6":{"start":{"line":24,"column":4},"end":{"line":28,"column":null}},"7":{"start":{"line":32,"column":30},"end":{"line":36,"column":null}},"8":{"start":{"line":38,"column":38},"end":{"line":38,"column":95}},"9":{"start":{"line":40,"column":4},"end":{"line":45,"column":null}},"10":{"start":{"line":50,"column":4},"end":{"line":57,"column":5}},"11":{"start":{"line":51,"column":6},"end":{"line":56,"column":null}},"12":{"start":{"line":53,"column":8},"end":{"line":55,"column":null}},"13":{"start":{"line":65,"column":21},"end":{"line":65,"column":42}},"14":{"start":{"line":67,"column":4},"end":{"line":255,"column":null}},"15":{"start":{"line":68,"column":38},"end":{"line":99,"column":7}},"16":{"start":{"line":69,"column":30},"end":{"line":69,"column":35}},"17":{"start":{"line":70,"column":29},"end":{"line":70,"column":38}},"18":{"start":{"line":72,"column":8},"end":{"line":74,"column":9}},"19":{"start":{"line":73,"column":10},"end":{"line":73,"column":null}},"20":{"start":{"line":76,"column":25},"end":{"line":76,"column":45}},"21":{"start":{"line":77,"column":22},"end":{"line":77,"column":51}},"22":{"start":{"line":79,"column":8},"end":{"line":98,"column":9}},"23":{"start":{"line":80,"column":10},"end":{"line":80,"column":null}},"24":{"start":{"line":83,"column":10},"end":{"line":83,"column":null}},"25":{"start":{"line":84,"column":10},"end":{"line":84,"column":null}},"26":{"start":{"line":86,"column":10},"end":{"line":88,"column":11}},"27":{"start":{"line":87,"column":12},"end":{"line":87,"column":null}},"28":{"start":{"line":90,"column":10},"end":{"line":92,"column":11}},"29":{"start":{"line":91,"column":12},"end":{"line":91,"column":null}},"30":{"start":{"line":94,"column":10},"end":{"line":94,"column":null}},"31":{"start":{"line":96,"column":10},"end":{"line":96,"column":null}},"32":{"start":{"line":97,"column":10},"end":{"line":97,"column":null}},"33":{"start":{"line":101,"column":33},"end":{"line":136,"column":7}},"34":{"start":{"line":102,"column":33},"end":{"line":102,"column":40}},"35":{"start":{"line":104,"column":8},"end":{"line":135,"column":9}},"36":{"start":{"line":105,"column":10},"end":{"line":105,"column":null}},"37":{"start":{"line":108,"column":26},"end":{"line":108,"column":31}},"38":{"start":{"line":109,"column":34},"end":{"line":109,"column":64}},"39":{"start":{"line":111,"column":10},"end":{"line":119,"column":null}},"40":{"start":{"line":112,"column":12},"end":{"line":118,"column":13}},"41":{"start":{"line":113,"column":14},"end":{"line":117,"column":null}},"42":{"start":{"line":114,"column":16},"end":{"line":116,"column":17}},"43":{"start":{"line":115,"column":18},"end":{"line":115,"column":null}},"44":{"start":{"line":121,"column":10},"end":{"line":121,"column":null}},"45":{"start":{"line":123,"column":10},"end":{"line":125,"column":11}},"46":{"start":{"line":124,"column":12},"end":{"line":124,"column":null}},"47":{"start":{"line":127,"column":10},"end":{"line":129,"column":11}},"48":{"start":{"line":128,"column":12},"end":{"line":128,"column":null}},"49":{"start":{"line":131,"column":10},"end":{"line":131,"column":null}},"50":{"start":{"line":133,"column":10},"end":{"line":133,"column":null}},"51":{"start":{"line":134,"column":10},"end":{"line":134,"column":null}},"52":{"start":{"line":138,"column":33},"end":{"line":157,"column":7}},"53":{"start":{"line":139,"column":33},"end":{"line":139,"column":40}},"54":{"start":{"line":141,"column":8},"end":{"line":143,"column":9}},"55":{"start":{"line":142,"column":10},"end":{"line":142,"column":null}},"56":{"start":{"line":145,"column":8},"end":{"line":145,"column":null}},"57":{"start":{"line":146,"column":8},"end":{"line":146,"column":null}},"58":{"start":{"line":148,"column":8},"end":{"line":150,"column":9}},"59":{"start":{"line":149,"column":10},"end":{"line":149,"column":null}},"60":{"start":{"line":152,"column":8},"end":{"line":154,"column":9}},"61":{"start":{"line":153,"column":10},"end":{"line":153,"column":null}},"62":{"start":{"line":156,"column":8},"end":{"line":156,"column":null}},"63":{"start":{"line":159,"column":28},"end":{"line":168,"column":7}},"64":{"start":{"line":160,"column":8},"end":{"line":160,"column":null}},"65":{"start":{"line":161,"column":8},"end":{"line":161,"column":null}},"66":{"start":{"line":163,"column":8},"end":{"line":165,"column":9}},"67":{"start":{"line":164,"column":10},"end":{"line":164,"column":null}},"68":{"start":{"line":167,"column":8},"end":{"line":167,"column":null}},"69":{"start":{"line":170,"column":34},"end":{"line":196,"column":7}},"70":{"start":{"line":171,"column":33},"end":{"line":171,"column":40}},"71":{"start":{"line":173,"column":8},"end":{"line":195,"column":9}},"72":{"start":{"line":174,"column":23},"end":{"line":174,"column":40}},"73":{"start":{"line":175,"column":10},"end":{"line":178,"column":11}},"74":{"start":{"line":176,"column":12},"end":{"line":176,"column":null}},"75":{"start":{"line":177,"column":12},"end":{"line":177,"column":null}},"76":{"start":{"line":180,"column":10},"end":{"line":180,"column":null}},"77":{"start":{"line":181,"column":10},"end":{"line":181,"column":null}},"78":{"start":{"line":183,"column":10},"end":{"line":185,"column":11}},"79":{"start":{"line":184,"column":12},"end":{"line":184,"column":null}},"80":{"start":{"line":187,"column":10},"end":{"line":189,"column":11}},"81":{"start":{"line":188,"column":12},"end":{"line":188,"column":null}},"82":{"start":{"line":191,"column":10},"end":{"line":191,"column":null}},"83":{"start":{"line":193,"column":10},"end":{"line":193,"column":null}},"84":{"start":{"line":194,"column":10},"end":{"line":194,"column":null}},"85":{"start":{"line":198,"column":36},"end":{"line":214,"column":7}},"86":{"start":{"line":199,"column":33},"end":{"line":199,"column":40}},"87":{"start":{"line":201,"column":8},"end":{"line":213,"column":9}},"88":{"start":{"line":202,"column":10},"end":{"line":202,"column":null}},"89":{"start":{"line":203,"column":10},"end":{"line":203,"column":null}},"90":{"start":{"line":205,"column":10},"end":{"line":207,"column":11}},"91":{"start":{"line":206,"column":12},"end":{"line":206,"column":null}},"92":{"start":{"line":209,"column":10},"end":{"line":209,"column":null}},"93":{"start":{"line":211,"column":10},"end":{"line":211,"column":null}},"94":{"start":{"line":212,"column":10},"end":{"line":212,"column":null}},"95":{"start":{"line":216,"column":34},"end":{"line":236,"column":7}},"96":{"start":{"line":217,"column":59},"end":{"line":217,"column":66}},"97":{"start":{"line":219,"column":8},"end":{"line":235,"column":9}},"98":{"start":{"line":220,"column":10},"end":{"line":220,"column":null}},"99":{"start":{"line":221,"column":10},"end":{"line":221,"column":null}},"100":{"start":{"line":223,"column":10},"end":{"line":225,"column":11}},"101":{"start":{"line":224,"column":12},"end":{"line":224,"column":null}},"102":{"start":{"line":227,"column":10},"end":{"line":229,"column":11}},"103":{"start":{"line":228,"column":12},"end":{"line":228,"column":null}},"104":{"start":{"line":231,"column":10},"end":{"line":231,"column":null}},"105":{"start":{"line":233,"column":10},"end":{"line":233,"column":null}},"106":{"start":{"line":234,"column":10},"end":{"line":234,"column":null}},"107":{"start":{"line":238,"column":34},"end":{"line":254,"column":7}},"108":{"start":{"line":239,"column":44},"end":{"line":239,"column":51}},"109":{"start":{"line":241,"column":8},"end":{"line":253,"column":9}},"110":{"start":{"line":242,"column":10},"end":{"line":242,"column":null}},"111":{"start":{"line":243,"column":10},"end":{"line":243,"column":null}},"112":{"start":{"line":245,"column":10},"end":{"line":247,"column":11}},"113":{"start":{"line":246,"column":12},"end":{"line":246,"column":null}},"114":{"start":{"line":249,"column":10},"end":{"line":249,"column":null}},"115":{"start":{"line":251,"column":10},"end":{"line":251,"column":null}},"116":{"start":{"line":252,"column":10},"end":{"line":252,"column":null}},"117":{"start":{"line":259,"column":4},"end":{"line":267,"column":null}},"118":{"start":{"line":261,"column":30},"end":{"line":261,"column":47}},"119":{"start":{"line":262,"column":8},"end":{"line":264,"column":9}},"120":{"start":{"line":263,"column":10},"end":{"line":263,"column":null}},"121":{"start":{"line":265,"column":8},"end":{"line":265,"column":null}}},"fnMap":{"0":{"name":"(anonymous_0)","decl":{"start":{"line":10,"column":2},"end":{"line":10,"column":12}},"loc":{"start":{"line":10,"column":12},"end":{"line":21,"column":3}}},"1":{"name":"(anonymous_1)","decl":{"start":{"line":23,"column":2},"end":{"line":23,"column":15}},"loc":{"start":{"line":23,"column":15},"end":{"line":29,"column":3}}},"2":{"name":"(anonymous_2)","decl":{"start":{"line":31,"column":2},"end":{"line":31,"column":12}},"loc":{"start":{"line":31,"column":12},"end":{"line":46,"column":3}}},"3":{"name":"(anonymous_3)","decl":{"start":{"line":48,"column":2},"end":{"line":48,"column":10}},"loc":{"start":{"line":48,"column":10},"end":{"line":58,"column":3}}},"4":{"name":"(anonymous_4)","decl":{"start":{"line":51,"column":37},"end":{"line":51,"column":38}},"loc":{"start":{"line":51,"column":66},"end":{"line":56,"column":7}}},"5":{"name":"(anonymous_5)","decl":{"start":{"line":60,"column":2},"end":{"line":60,"column":11}},"loc":{"start":{"line":60,"column":11},"end":{"line":62,"column":3}}},"6":{"name":"(anonymous_6)","decl":{"start":{"line":64,"column":2},"end":{"line":64,"column":13}},"loc":{"start":{"line":64,"column":13},"end":{"line":256,"column":3}}},"7":{"name":"(anonymous_7)","decl":{"start":{"line":68,"column":20},"end":{"line":68,"column":21}},"loc":{"start":{"line":68,"column":38},"end":{"line":99,"column":7}}},"8":{"name":"(anonymous_8)","decl":{"start":{"line":68,"column":38},"end":{"line":68,"column":39}},"loc":{"start":{"line":68,"column":66},"end":{"line":99,"column":7}}},"9":{"name":"(anonymous_9)","decl":{"start":{"line":101,"column":20},"end":{"line":101,"column":21}},"loc":{"start":{"line":101,"column":33},"end":{"line":136,"column":7}}},"10":{"name":"(anonymous_10)","decl":{"start":{"line":101,"column":33},"end":{"line":101,"column":34}},"loc":{"start":{"line":101,"column":61},"end":{"line":136,"column":7}}},"11":{"name":"(anonymous_11)","decl":{"start":{"line":111,"column":26},"end":{"line":111,"column":27}},"loc":{"start":{"line":111,"column":40},"end":{"line":119,"column":11}}},"12":{"name":"(anonymous_12)","decl":{"start":{"line":113,"column":33},"end":{"line":113,"column":37}},"loc":{"start":{"line":113,"column":40},"end":{"line":117,"column":15}}},"13":{"name":"(anonymous_13)","decl":{"start":{"line":138,"column":20},"end":{"line":138,"column":21}},"loc":{"start":{"line":138,"column":33},"end":{"line":157,"column":7}}},"14":{"name":"(anonymous_14)","decl":{"start":{"line":138,"column":33},"end":{"line":138,"column":34}},"loc":{"start":{"line":138,"column":54},"end":{"line":157,"column":7}}},"15":{"name":"(anonymous_15)","decl":{"start":{"line":159,"column":22},"end":{"line":159,"column":25}},"loc":{"start":{"line":159,"column":28},"end":{"line":168,"column":7}}},"16":{"name":"(anonymous_16)","decl":{"start":{"line":159,"column":28},"end":{"line":159,"column":29}},"loc":{"start":{"line":159,"column":49},"end":{"line":168,"column":7}}},"17":{"name":"(anonymous_17)","decl":{"start":{"line":170,"column":21},"end":{"line":170,"column":22}},"loc":{"start":{"line":170,"column":34},"end":{"line":196,"column":7}}},"18":{"name":"(anonymous_18)","decl":{"start":{"line":170,"column":34},"end":{"line":170,"column":35}},"loc":{"start":{"line":170,"column":55},"end":{"line":196,"column":7}}},"19":{"name":"(anonymous_19)","decl":{"start":{"line":198,"column":23},"end":{"line":198,"column":24}},"loc":{"start":{"line":198,"column":36},"end":{"line":214,"column":7}}},"20":{"name":"(anonymous_20)","decl":{"start":{"line":198,"column":36},"end":{"line":198,"column":37}},"loc":{"start":{"line":198,"column":57},"end":{"line":214,"column":7}}},"21":{"name":"(anonymous_21)","decl":{"start":{"line":216,"column":21},"end":{"line":216,"column":22}},"loc":{"start":{"line":216,"column":34},"end":{"line":236,"column":7}}},"22":{"name":"(anonymous_22)","decl":{"start":{"line":216,"column":34},"end":{"line":216,"column":35}},"loc":{"start":{"line":216,"column":55},"end":{"line":236,"column":7}}},"23":{"name":"(anonymous_23)","decl":{"start":{"line":238,"column":21},"end":{"line":238,"column":22}},"loc":{"start":{"line":238,"column":34},"end":{"line":254,"column":7}}},"24":{"name":"(anonymous_24)","decl":{"start":{"line":238,"column":34},"end":{"line":238,"column":35}},"loc":{"start":{"line":238,"column":55},"end":{"line":254,"column":7}}},"25":{"name":"(anonymous_25)","decl":{"start":{"line":258,"column":2},"end":{"line":258,"column":22}},"loc":{"start":{"line":258,"column":22},"end":{"line":268,"column":3}}},"26":{"name":"(anonymous_26)","decl":{"start":{"line":260,"column":21},"end":{"line":260,"column":24}},"loc":{"start":{"line":260,"column":26},"end":{"line":266,"column":7}}}},"branchMap":{"0":{"loc":{"start":{"line":26,"column":15},"end":{"line":26,"column":90}},"type":"cond-expr","locations":[{"start":{"line":26,"column":48},"end":{"line":26,"column":71}},{"start":{"line":26,"column":74},"end":{"line":26,"column":90}}]},"1":{"loc":{"start":{"line":32,"column":30},"end":{"line":36,"column":null}},"type":"binary-expr","locations":[{"start":{"line":32,"column":30},"end":{"line":32,"column":47}},{"start":{"line":32,"column":51},"end":{"line":36,"column":null}}]},"2":{"loc":{"start":{"line":38,"column":38},"end":{"line":38,"column":95}},"type":"binary-expr","locations":[{"start":{"line":38,"column":38},"end":{"line":38,"column":59}},{"start":{"line":38,"column":63},"end":{"line":38,"column":95}}]},"3":{"loc":{"start":{"line":50,"column":4},"end":{"line":57,"column":5}},"type":"if","locations":[{"start":{"line":50,"column":4},"end":{"line":57,"column":5}}]},"4":{"loc":{"start":{"line":68,"column":21},"end":{"line":68,"column":33}},"type":"default-arg","locations":[{"start":{"line":68,"column":31},"end":{"line":68,"column":33}}]},"5":{"loc":{"start":{"line":72,"column":8},"end":{"line":74,"column":9}},"type":"if","locations":[{"start":{"line":72,"column":8},"end":{"line":74,"column":9}}]},"6":{"loc":{"start":{"line":76,"column":25},"end":{"line":76,"column":45}},"type":"binary-expr","locations":[{"start":{"line":76,"column":25},"end":{"line":76,"column":35}},{"start":{"line":76,"column":39},"end":{"line":76,"column":45}}]},"7":{"loc":{"start":{"line":77,"column":22},"end":{"line":77,"column":51}},"type":"binary-expr","locations":[{"start":{"line":77,"column":22},"end":{"line":77,"column":35}},{"start":{"line":77,"column":39},"end":{"line":77,"column":51}}]},"8":{"loc":{"start":{"line":86,"column":10},"end":{"line":88,"column":11}},"type":"if","locations":[{"start":{"line":86,"column":10},"end":{"line":88,"column":11}}]},"9":{"loc":{"start":{"line":90,"column":10},"end":{"line":92,"column":11}},"type":"if","locations":[{"start":{"line":90,"column":10},"end":{"line":92,"column":11}}]},"10":{"loc":{"start":{"line":112,"column":12},"end":{"line":118,"column":13}},"type":"if","locations":[{"start":{"line":112,"column":12},"end":{"line":118,"column":13}}]},"11":{"loc":{"start":{"line":114,"column":16},"end":{"line":116,"column":17}},"type":"if","locations":[{"start":{"line":114,"column":16},"end":{"line":116,"column":17}}]},"12":{"loc":{"start":{"line":114,"column":20},"end":{"line":114,"column":88}},"type":"binary-expr","locations":[{"start":{"line":114,"column":20},"end":{"line":114,"column":52}},{"start":{"line":114,"column":56},"end":{"line":114,"column":88}}]},"13":{"loc":{"start":{"line":123,"column":10},"end":{"line":125,"column":11}},"type":"if","locations":[{"start":{"line":123,"column":10},"end":{"line":125,"column":11}}]},"14":{"loc":{"start":{"line":127,"column":10},"end":{"line":129,"column":11}},"type":"if","locations":[{"start":{"line":127,"column":10},"end":{"line":129,"column":11}}]},"15":{"loc":{"start":{"line":141,"column":8},"end":{"line":143,"column":9}},"type":"if","locations":[{"start":{"line":141,"column":8},"end":{"line":143,"column":9}}]},"16":{"loc":{"start":{"line":148,"column":8},"end":{"line":150,"column":9}},"type":"if","locations":[{"start":{"line":148,"column":8},"end":{"line":150,"column":9}}]},"17":{"loc":{"start":{"line":152,"column":8},"end":{"line":154,"column":9}},"type":"if","locations":[{"start":{"line":152,"column":8},"end":{"line":154,"column":9}}]},"18":{"loc":{"start":{"line":163,"column":8},"end":{"line":165,"column":9}},"type":"if","locations":[{"start":{"line":163,"column":8},"end":{"line":165,"column":9}}]},"19":{"loc":{"start":{"line":175,"column":10},"end":{"line":178,"column":11}},"type":"if","locations":[{"start":{"line":175,"column":10},"end":{"line":178,"column":11}}]},"20":{"loc":{"start":{"line":183,"column":10},"end":{"line":185,"column":11}},"type":"if","locations":[{"start":{"line":183,"column":10},"end":{"line":185,"column":11}}]},"21":{"loc":{"start":{"line":187,"column":10},"end":{"line":189,"column":11}},"type":"if","locations":[{"start":{"line":187,"column":10},"end":{"line":189,"column":11}}]},"22":{"loc":{"start":{"line":205,"column":10},"end":{"line":207,"column":11}},"type":"if","locations":[{"start":{"line":205,"column":10},"end":{"line":207,"column":11}}]},"23":{"loc":{"start":{"line":223,"column":10},"end":{"line":225,"column":11}},"type":"if","locations":[{"start":{"line":223,"column":10},"end":{"line":225,"column":11}}]},"24":{"loc":{"start":{"line":227,"column":10},"end":{"line":229,"column":11}},"type":"if","locations":[{"start":{"line":227,"column":10},"end":{"line":229,"column":11}}]},"25":{"loc":{"start":{"line":245,"column":10},"end":{"line":247,"column":11}},"type":"if","locations":[{"start":{"line":245,"column":10},"end":{"line":247,"column":11}}]},"26":{"loc":{"start":{"line":262,"column":8},"end":{"line":264,"column":9}},"type":"if","locations":[{"start":{"line":262,"column":8},"end":{"line":264,"column":9}}]}},"s":{"0":3,"1":3,"2":3,"3":3,"4":3,"5":3,"6":71,"7":143,"8":143,"9":143,"10":0,"11":0,"12":0,"13":71,"14":71,"15":39,"16":39,"17":39,"18":39,"19":1,"20":38,"21":38,"22":38,"23":38,"24":38,"25":38,"26":38,"27":1,"28":38,"29":38,"30":38,"31":0,"32":0,"33":3,"34":3,"35":3,"36":3,"37":3,"38":3,"39":3,"40":8,"41":8,"42":2,"43":2,"44":3,"45":3,"46":1,"47":3,"48":3,"49":3,"50":0,"51":0,"52":3,"53":3,"54":3,"55":1,"56":2,"57":2,"58":2,"59":1,"60":2,"61":2,"62":2,"63":1,"64":1,"65":1,"66":1,"67":1,"68":1,"69":5,"70":5,"71":5,"72":5,"73":5,"74":1,"75":1,"76":4,"77":4,"78":4,"79":1,"80":4,"81":4,"82":4,"83":0,"84":0,"85":2,"86":2,"87":2,"88":2,"89":2,"90":2,"91":2,"92":2,"93":0,"94":0,"95":4,"96":4,"97":4,"98":4,"99":3,"100":3,"101":1,"102":3,"103":3,"104":3,"105":1,"106":1,"107":2,"108":2,"109":2,"110":2,"111":2,"112":2,"113":2,"114":2,"115":0,"116":0,"117":71,"118":0,"119":0,"120":0,"121":0},"f":{"0":3,"1":71,"2":143,"3":0,"4":0,"5":71,"6":71,"7":39,"8":39,"9":3,"10":3,"11":8,"12":2,"13":3,"14":3,"15":1,"16":1,"17":5,"18":5,"19":2,"20":2,"21":4,"22":4,"23":2,"24":2,"25":71,"26":0},"b":{"0":[0,71],"1":[143,3],"2":[143,141],"3":[0],"4":[0],"5":[1],"6":[38,0],"7":[38,38],"8":[1],"9":[38],"10":[8],"11":[2],"12":[2,2],"13":[1],"14":[3],"15":[1],"16":[1],"17":[2],"18":[1],"19":[1],"20":[1],"21":[4],"22":[2],"23":[1],"24":[3],"25":[2],"26":[0]}}
,"/Users/kyungrae/workspace/dev/js/tiptaptoe/packages/@tiptaptoe/extension-comments/src/hooks/useThreads.ts": {"path":"/Users/kyungrae/workspace/dev/js/tiptaptoe/packages/@tiptaptoe/extension-comments/src/hooks/useThreads.ts","statementMap":{"0":{"start":{"line":17,"column":0},"end":{"line":17,"column":16}},"1":{"start":{"line":1,"column":0},"end":{"line":1,"column":56}},"2":{"start":{"line":3,"column":0},"end":{"line":3,"column":33}},"3":{"start":{"line":22,"column":32},"end":{"line":22,"column":61}},"4":{"start":{"line":25,"column":2},"end":{"line":33,"column":null}},"5":{"start":{"line":26,"column":4},"end":{"line":26,"column":25}},"6":{"start":{"line":26,"column":19},"end":{"line":26,"column":25}},"7":{"start":{"line":28,"column":27},"end":{"line":28,"column":48}},"8":{"start":{"line":29,"column":4},"end":{"line":29,"column":null}},"9":{"start":{"line":31,"column":24},"end":{"line":31,"column":53}},"10":{"start":{"line":32,"column":4},"end":{"line":32,"column":null}},"11":{"start":{"line":35,"column":23},"end":{"line":50,"column":24}},"12":{"start":{"line":36,"column":4},"end":{"line":36,"column":null}},"13":{"start":{"line":36,"column":30},"end":{"line":36,"column":null}},"14":{"start":{"line":38,"column":26},"end":{"line":38,"column":38}},"15":{"start":{"line":39,"column":4},"end":{"line":39,"column":null}},"16":{"start":{"line":39,"column":25},"end":{"line":39,"column":null}},"17":{"start":{"line":41,"column":21},"end":{"line":41,"column":27}},"18":{"start":{"line":43,"column":4},"end":{"line":49,"column":5}},"19":{"start":{"line":45,"column":6},"end":{"line":45,"column":null}},"20":{"start":{"line":47,"column":6},"end":{"line":47,"column":null}},"21":{"start":{"line":48,"column":6},"end":{"line":48,"column":null}},"22":{"start":{"line":52,"column":23},"end":{"line":56,"column":14}},"23":{"start":{"line":53,"column":4},"end":{"line":53,"column":23}},"24":{"start":{"line":53,"column":17},"end":{"line":53,"column":23}},"25":{"start":{"line":55,"column":4},"end":{"line":55,"column":null}},"26":{"start":{"line":58,"column":24},"end":{"line":62,"column":14}},"27":{"start":{"line":59,"column":4},"end":{"line":59,"column":23}},"28":{"start":{"line":59,"column":17},"end":{"line":59,"column":23}},"29":{"start":{"line":61,"column":4},"end":{"line":61,"column":null}},"30":{"start":{"line":64,"column":26},"end":{"line":68,"column":14}},"31":{"start":{"line":65,"column":4},"end":{"line":65,"column":23}},"32":{"start":{"line":65,"column":17},"end":{"line":65,"column":23}},"33":{"start":{"line":67,"column":4},"end":{"line":67,"column":null}},"34":{"start":{"line":70,"column":24},"end":{"line":84,"column":14}},"35":{"start":{"line":76,"column":4},"end":{"line":76,"column":23}},"36":{"start":{"line":76,"column":17},"end":{"line":76,"column":23}},"37":{"start":{"line":78,"column":4},"end":{"line":83,"column":null}},"38":{"start":{"line":86,"column":24},"end":{"line":93,"column":14}},"39":{"start":{"line":87,"column":4},"end":{"line":87,"column":23}},"40":{"start":{"line":87,"column":17},"end":{"line":87,"column":23}},"41":{"start":{"line":89,"column":4},"end":{"line":92,"column":null}},"42":{"start":{"line":95,"column":21},"end":{"line":107,"column":25}},"43":{"start":{"line":100,"column":4},"end":{"line":100,"column":25}},"44":{"start":{"line":100,"column":19},"end":{"line":100,"column":25}},"45":{"start":{"line":102,"column":4},"end":{"line":106,"column":5}},"46":{"start":{"line":103,"column":6},"end":{"line":103,"column":null}},"47":{"start":{"line":105,"column":6},"end":{"line":105,"column":null}},"48":{"start":{"line":109,"column":2},"end":{"line":118,"column":null}}},"fnMap":{"0":{"name":"useThreads","decl":{"start":{"line":17,"column":16},"end":{"line":17,"column":26}},"loc":{"start":{"line":20,"column":19},"end":{"line":119,"column":1}}},"1":{"name":"(anonymous_1)","decl":{"start":{"line":25,"column":12},"end":{"line":25,"column":15}},"loc":{"start":{"line":25,"column":17},"end":{"line":33,"column":3}}},"2":{"name":"(anonymous_2)","decl":{"start":{"line":35,"column":35},"end":{"line":35,"column":38}},"loc":{"start":{"line":35,"column":40},"end":{"line":50,"column":3}}},"3":{"name":"(anonymous_3)","decl":{"start":{"line":52,"column":35},"end":{"line":52,"column":36}},"loc":{"start":{"line":52,"column":56},"end":{"line":56,"column":3}}},"4":{"name":"(anonymous_4)","decl":{"start":{"line":58,"column":36},"end":{"line":58,"column":37}},"loc":{"start":{"line":58,"column":57},"end":{"line":62,"column":3}}},"5":{"name":"(anonymous_5)","decl":{"start":{"line":64,"column":38},"end":{"line":64,"column":39}},"loc":{"start":{"line":64,"column":59},"end":{"line":68,"column":3}}},"6":{"name":"(anonymous_6)","decl":{"start":{"line":70,"column":36},"end":{"line":70,"column":null}},"loc":{"start":{"line":75,"column":6},"end":{"line":84,"column":3}}},"7":{"name":"(anonymous_7)","decl":{"start":{"line":86,"column":36},"end":{"line":86,"column":37}},"loc":{"start":{"line":86,"column":76},"end":{"line":93,"column":3}}},"8":{"name":"(anonymous_8)","decl":{"start":{"line":95,"column":33},"end":{"line":95,"column":null}},"loc":{"start":{"line":99,"column":6},"end":{"line":107,"column":3}}}},"branchMap":{"0":{"loc":{"start":{"line":26,"column":4},"end":{"line":26,"column":25}},"type":"if","locations":[{"start":{"line":26,"column":4},"end":{"line":26,"column":25}}]},"1":{"loc":{"start":{"line":36,"column":4},"end":{"line":36,"column":null}},"type":"if","locations":[{"start":{"line":36,"column":4},"end":{"line":36,"column":null}}]},"2":{"loc":{"start":{"line":36,"column":8},"end":{"line":36,"column":28}},"type":"binary-expr","locations":[{"start":{"line":36,"column":8},"end":{"line":36,"column":15}},{"start":{"line":36,"column":19},"end":{"line":36,"column":28}}]},"3":{"loc":{"start":{"line":39,"column":4},"end":{"line":39,"column":null}},"type":"if","locations":[{"start":{"line":39,"column":4},"end":{"line":39,"column":null}}]},"4":{"loc":{"start":{"line":53,"column":4},"end":{"line":53,"column":23}},"type":"if","locations":[{"start":{"line":53,"column":4},"end":{"line":53,"column":23}}]},"5":{"loc":{"start":{"line":59,"column":4},"end":{"line":59,"column":23}},"type":"if","locations":[{"start":{"line":59,"column":4},"end":{"line":59,"column":23}}]},"6":{"loc":{"start":{"line":65,"column":4},"end":{"line":65,"column":23}},"type":"if","locations":[{"start":{"line":65,"column":4},"end":{"line":65,"column":23}}]},"7":{"loc":{"start":{"line":76,"column":4},"end":{"line":76,"column":23}},"type":"if","locations":[{"start":{"line":76,"column":4},"end":{"line":76,"column":23}}]},"8":{"loc":{"start":{"line":87,"column":4},"end":{"line":87,"column":23}},"type":"if","locations":[{"start":{"line":87,"column":4},"end":{"line":87,"column":23}}]},"9":{"loc":{"start":{"line":100,"column":4},"end":{"line":100,"column":25}},"type":"if","locations":[{"start":{"line":100,"column":4},"end":{"line":100,"column":25}}]}},"s":{"0":1,"1":1,"2":1,"3":53,"4":53,"5":23,"6":3,"7":20,"8":20,"9":20,"10":20,"11":53,"12":5,"13":2,"14":3,"15":2,"16":1,"17":1,"18":1,"19":1,"20":0,"21":0,"22":53,"23":2,"24":1,"25":1,"26":53,"27":2,"28":1,"29":1,"30":53,"31":2,"32":1,"33":1,"34":53,"35":2,"36":1,"37":1,"38":53,"39":2,"40":1,"41":1,"42":53,"43":4,"44":1,"45":3,"46":3,"47":1,"48":53},"f":{"0":53,"1":23,"2":5,"3":2,"4":2,"5":2,"6":2,"7":2,"8":4},"b":{"0":[3],"1":[2],"2":[5,4],"3":[1],"4":[1],"5":[1],"6":[1],"7":[1],"8":[1],"9":[1]}}
,"/Users/kyungrae/workspace/dev/js/tiptaptoe/packages/@tiptaptoe/extension-comments/src/marks/CommentMark.ts": {"path":"/Users/kyungrae/workspace/dev/js/tiptaptoe/packages/@tiptaptoe/extension-comments/src/marks/CommentMark.ts","statementMap":{"0":{"start":{"line":1,"column":0},"end":{"line":1,"column":52}},"1":{"start":{"line":18,"column":13},"end":{"line":102,"column":null}},"2":{"start":{"line":22,"column":4},"end":{"line":25,"column":null}},"3":{"start":{"line":29,"column":4},"end":{"line":44,"column":null}},"4":{"start":{"line":32,"column":30},"end":{"line":32,"column":68}},"5":{"start":{"line":33,"column":35},"end":{"line":35,"column":10}},"6":{"start":{"line":39,"column":30},"end":{"line":39,"column":59}},"7":{"start":{"line":40,"column":35},"end":{"line":42,"column":10}},"8":{"start":{"line":48,"column":4},"end":{"line":52,"column":null}},"9":{"start":{"line":56,"column":4},"end":{"line":62,"column":null}},"10":{"start":{"line":66,"column":4},"end":{"line":100,"column":null}},"11":{"start":{"line":67,"column":33},"end":{"line":69,"column":7}},"12":{"start":{"line":68,"column":8},"end":{"line":68,"column":null}},"13":{"start":{"line":70,"column":36},"end":{"line":96,"column":7}},"14":{"start":{"line":71,"column":8},"end":{"line":93,"column":9}},"15":{"start":{"line":72,"column":26},"end":{"line":72,"column":31}},"16":{"start":{"line":73,"column":57},"end":{"line":73,"column":59}},"17":{"start":{"line":75,"column":10},"end":{"line":86,"column":null}},"18":{"start":{"line":76,"column":12},"end":{"line":85,"column":13}},"19":{"start":{"line":77,"column":14},"end":{"line":84,"column":null}},"20":{"start":{"line":78,"column":16},"end":{"line":83,"column":17}},"21":{"start":{"line":79,"column":18},"end":{"line":82,"column":null}},"22":{"start":{"line":88,"column":10},"end":{"line":90,"column":null}},"23":{"start":{"line":89,"column":12},"end":{"line":89,"column":null}},"24":{"start":{"line":92,"column":10},"end":{"line":92,"column":null}},"25":{"start":{"line":95,"column":8},"end":{"line":95,"column":null}},"26":{"start":{"line":97,"column":36},"end":{"line":99,"column":7}},"27":{"start":{"line":98,"column":8},"end":{"line":98,"column":null}}},"fnMap":{"0":{"name":"(anonymous_0)","decl":{"start":{"line":21,"column":2},"end":{"line":21,"column":12}},"loc":{"start":{"line":21,"column":12},"end":{"line":26,"column":3}}},"1":{"name":"(anonymous_1)","decl":{"start":{"line":28,"column":2},"end":{"line":28,"column":15}},"loc":{"start":{"line":28,"column":15},"end":{"line":45,"column":3}}},"2":{"name":"(anonymous_2)","decl":{"start":{"line":32,"column":19},"end":{"line":32,"column":26}},"loc":{"start":{"line":32,"column":30},"end":{"line":32,"column":68}}},"3":{"name":"(anonymous_3)","decl":{"start":{"line":33,"column":20},"end":{"line":33,"column":30}},"loc":{"start":{"line":33,"column":35},"end":{"line":35,"column":10}}},"4":{"name":"(anonymous_4)","decl":{"start":{"line":39,"column":19},"end":{"line":39,"column":26}},"loc":{"start":{"line":39,"column":30},"end":{"line":39,"column":59}}},"5":{"name":"(anonymous_5)","decl":{"start":{"line":40,"column":20},"end":{"line":40,"column":30}},"loc":{"start":{"line":40,"column":35},"end":{"line":42,"column":10}}},"6":{"name":"(anonymous_6)","decl":{"start":{"line":47,"column":2},"end":{"line":47,"column":11}},"loc":{"start":{"line":47,"column":11},"end":{"line":53,"column":3}}},"7":{"name":"(anonymous_7)","decl":{"start":{"line":55,"column":2},"end":{"line":55,"column":12}},"loc":{"start":{"line":55,"column":31},"end":{"line":63,"column":3}}},"8":{"name":"(anonymous_8)","decl":{"start":{"line":65,"column":2},"end":{"line":65,"column":13}},"loc":{"start":{"line":65,"column":13},"end":{"line":101,"column":3}}},"9":{"name":"(anonymous_9)","decl":{"start":{"line":67,"column":22},"end":{"line":67,"column":29}},"loc":{"start":{"line":67,"column":33},"end":{"line":69,"column":7}}},"10":{"name":"(anonymous_10)","decl":{"start":{"line":67,"column":33},"end":{"line":67,"column":34}},"loc":{"start":{"line":67,"column":50},"end":{"line":69,"column":7}}},"11":{"name":"(anonymous_11)","decl":{"start":{"line":70,"column":24},"end":{"line":70,"column":32}},"loc":{"start":{"line":70,"column":36},"end":{"line":96,"column":7}}},"12":{"name":"(anonymous_12)","decl":{"start":{"line":70,"column":36},"end":{"line":70,"column":37}},"loc":{"start":{"line":70,"column":64},"end":{"line":96,"column":7}}},"13":{"name":"(anonymous_13)","decl":{"start":{"line":75,"column":26},"end":{"line":75,"column":27}},"loc":{"start":{"line":75,"column":40},"end":{"line":86,"column":11}}},"14":{"name":"(anonymous_14)","decl":{"start":{"line":77,"column":33},"end":{"line":77,"column":37}},"loc":{"start":{"line":77,"column":40},"end":{"line":84,"column":15}}},"15":{"name":"(anonymous_15)","decl":{"start":{"line":88,"column":25},"end":{"line":88,"column":26}},"loc":{"start":{"line":88,"column":42},"end":{"line":90,"column":11}}},"16":{"name":"(anonymous_16)","decl":{"start":{"line":97,"column":25},"end":{"line":97,"column":32}},"loc":{"start":{"line":97,"column":36},"end":{"line":99,"column":7}}},"17":{"name":"(anonymous_17)","decl":{"start":{"line":97,"column":36},"end":{"line":97,"column":37}},"loc":{"start":{"line":97,"column":53},"end":{"line":99,"column":7}}}},"branchMap":{"0":{"loc":{"start":{"line":71,"column":8},"end":{"line":93,"column":9}},"type":"if","locations":[{"start":{"line":71,"column":8},"end":{"line":93,"column":9}}]},"1":{"loc":{"start":{"line":76,"column":12},"end":{"line":85,"column":13}},"type":"if","locations":[{"start":{"line":76,"column":12},"end":{"line":85,"column":13}}]},"2":{"loc":{"start":{"line":78,"column":16},"end":{"line":83,"column":17}},"type":"if","locations":[{"start":{"line":78,"column":16},"end":{"line":83,"column":17}}]},"3":{"loc":{"start":{"line":78,"column":20},"end":{"line":78,"column":84}},"type":"binary-expr","locations":[{"start":{"line":78,"column":20},"end":{"line":78,"column":48}},{"start":{"line":78,"column":52},"end":{"line":78,"column":84}}]}},"s":{"0":4,"1":4,"2":4,"3":87,"4":3,"5":65,"6":3,"7":65,"8":87,"9":65,"10":87,"11":14,"12":14,"13":3,"14":3,"15":2,"16":2,"17":2,"18":8,"19":8,"20":4,"21":2,"22":2,"23":2,"24":2,"25":1,"26":2,"27":2},"f":{"0":4,"1":87,"2":3,"3":65,"4":3,"5":65,"6":87,"7":65,"8":87,"9":14,"10":14,"11":3,"12":3,"13":8,"14":4,"15":2,"16":2,"17":2},"b":{"0":[2],"1":[8],"2":[2],"3":[4,4]}}
,"/Users/kyungrae/workspace/dev/js/tiptaptoe/packages/@tiptaptoe/extension-comments/src/storage/DefaultProvider.ts": {"path":"/Users/kyungrae/workspace/dev/js/tiptaptoe/packages/@tiptaptoe/extension-comments/src/storage/DefaultProvider.ts","statementMap":{"0":{"start":{"line":1,"column":0},"end":{"line":1,"column":33}},"1":{"start":{"line":8,"column":14},"end":{"line":8,"column":null}},"2":{"start":{"line":5,"column":10},"end":{"line":5,"column":null}},"3":{"start":{"line":6,"column":10},"end":{"line":6,"column":null}},"4":{"start":{"line":13,"column":4},"end":{"line":13,"column":null}},"5":{"start":{"line":17,"column":4},"end":{"line":17,"column":null}},"6":{"start":{"line":21,"column":34},"end":{"line":26,"column":null}},"7":{"start":{"line":28,"column":4},"end":{"line":28,"column":null}},"8":{"start":{"line":29,"column":4},"end":{"line":29,"column":null}},"9":{"start":{"line":30,"column":4},"end":{"line":30,"column":null}},"10":{"start":{"line":34,"column":4},"end":{"line":34,"column":null}},"11":{"start":{"line":35,"column":4},"end":{"line":35,"column":null}},"12":{"start":{"line":39,"column":19},"end":{"line":39,"column":45}},"13":{"start":{"line":40,"column":4},"end":{"line":44,"column":5}},"14":{"start":{"line":41,"column":6},"end":{"line":41,"column":null}},"15":{"start":{"line":42,"column":6},"end":{"line":42,"column":null}},"16":{"start":{"line":43,"column":6},"end":{"line":43,"column":null}},"17":{"start":{"line":48,"column":19},"end":{"line":48,"column":45}},"18":{"start":{"line":49,"column":4},"end":{"line":53,"column":5}},"19":{"start":{"line":50,"column":6},"end":{"line":50,"column":null}},"20":{"start":{"line":51,"column":6},"end":{"line":51,"column":null}},"21":{"start":{"line":52,"column":6},"end":{"line":52,"column":null}},"22":{"start":{"line":57,"column":19},"end":{"line":57,"column":45}},"23":{"start":{"line":58,"column":4},"end":{"line":58,"column":null}},"24":{"start":{"line":62,"column":19},"end":{"line":62,"column":45}},"25":{"start":{"line":63,"column":4},"end":{"line":65,"column":5}},"26":{"start":{"line":64,"column":6},"end":{"line":64,"column":null}},"27":{"start":{"line":67,"column":29},"end":{"line":74,"column":null}},"28":{"start":{"line":76,"column":4},"end":{"line":76,"column":null}},"29":{"start":{"line":77,"column":4},"end":{"line":77,"column":null}},"30":{"start":{"line":78,"column":4},"end":{"line":78,"column":null}},"31":{"start":{"line":82,"column":19},"end":{"line":82,"column":45}},"32":{"start":{"line":83,"column":4},"end":{"line":85,"column":5}},"33":{"start":{"line":84,"column":6},"end":{"line":84,"column":null}},"34":{"start":{"line":87,"column":20},"end":{"line":87,"column":65}},"35":{"start":{"line":87,"column":46},"end":{"line":87,"column":64}},"36":{"start":{"line":88,"column":4},"end":{"line":90,"column":5}},"37":{"start":{"line":89,"column":6},"end":{"line":89,"column":null}},"38":{"start":{"line":92,"column":4},"end":{"line":92,"column":null}},"39":{"start":{"line":93,"column":4},"end":{"line":93,"column":null}},"40":{"start":{"line":94,"column":4},"end":{"line":96,"column":5}},"41":{"start":{"line":95,"column":6},"end":{"line":95,"column":null}},"42":{"start":{"line":98,"column":4},"end":{"line":98,"column":null}},"43":{"start":{"line":99,"column":4},"end":{"line":99,"column":null}},"44":{"start":{"line":103,"column":19},"end":{"line":103,"column":45}},"45":{"start":{"line":104,"column":4},"end":{"line":106,"column":5}},"46":{"start":{"line":105,"column":6},"end":{"line":105,"column":null}},"47":{"start":{"line":108,"column":20},"end":{"line":108,"column":65}},"48":{"start":{"line":108,"column":46},"end":{"line":108,"column":64}},"49":{"start":{"line":109,"column":4},"end":{"line":112,"column":5}},"50":{"start":{"line":110,"column":6},"end":{"line":110,"column":null}},"51":{"start":{"line":111,"column":6},"end":{"line":111,"column":null}},"52":{"start":{"line":116,"column":4},"end":{"line":116,"column":null}},"53":{"start":{"line":117,"column":4},"end":{"line":119,"column":null}},"54":{"start":{"line":118,"column":6},"end":{"line":118,"column":null}},"55":{"start":{"line":123,"column":20},"end":{"line":123,"column":37}},"56":{"start":{"line":124,"column":4},"end":{"line":124,"column":null}},"57":{"start":{"line":124,"column":45},"end":{"line":124,"column":62}},"58":{"start":{"line":4,"column":0},"end":{"line":4,"column":13}}},"fnMap":{"0":{"name":"(anonymous_0)","decl":{"start":{"line":8,"column":2},"end":{"line":8,"column":14}},"loc":{"start":{"line":8,"column":47},"end":{"line":10,"column":3}}},"1":{"name":"(anonymous_1)","decl":{"start":{"line":12,"column":2},"end":{"line":12,"column":12}},"loc":{"start":{"line":12,"column":12},"end":{"line":14,"column":3}}},"2":{"name":"(anonymous_2)","decl":{"start":{"line":16,"column":2},"end":{"line":16,"column":11}},"loc":{"start":{"line":16,"column":28},"end":{"line":18,"column":3}}},"3":{"name":"(anonymous_3)","decl":{"start":{"line":20,"column":2},"end":{"line":20,"column":14}},"loc":{"start":{"line":20,"column":59},"end":{"line":31,"column":3}}},"4":{"name":"(anonymous_4)","decl":{"start":{"line":33,"column":2},"end":{"line":33,"column":14}},"loc":{"start":{"line":33,"column":31},"end":{"line":36,"column":3}}},"5":{"name":"(anonymous_5)","decl":{"start":{"line":38,"column":2},"end":{"line":38,"column":15}},"loc":{"start":{"line":38,"column":48},"end":{"line":45,"column":3}}},"6":{"name":"(anonymous_6)","decl":{"start":{"line":47,"column":2},"end":{"line":47,"column":17}},"loc":{"start":{"line":47,"column":34},"end":{"line":54,"column":3}}},"7":{"name":"(anonymous_7)","decl":{"start":{"line":56,"column":2},"end":{"line":56,"column":13}},"loc":{"start":{"line":56,"column":30},"end":{"line":59,"column":3}}},"8":{"name":"(anonymous_8)","decl":{"start":{"line":61,"column":2},"end":{"line":61,"column":15}},"loc":{"start":{"line":61,"column":93},"end":{"line":79,"column":3}}},"9":{"name":"(anonymous_9)","decl":{"start":{"line":81,"column":2},"end":{"line":81,"column":15}},"loc":{"start":{"line":81,"column":96},"end":{"line":100,"column":3}}},"10":{"name":"(anonymous_10)","decl":{"start":{"line":87,"column":41},"end":{"line":87,"column":42}},"loc":{"start":{"line":87,"column":46},"end":{"line":87,"column":64}}},"11":{"name":"(anonymous_11)","decl":{"start":{"line":102,"column":2},"end":{"line":102,"column":15}},"loc":{"start":{"line":102,"column":51},"end":{"line":113,"column":3}}},"12":{"name":"(anonymous_12)","decl":{"start":{"line":108,"column":41},"end":{"line":108,"column":42}},"loc":{"start":{"line":108,"column":46},"end":{"line":108,"column":64}}},"13":{"name":"(anonymous_13)","decl":{"start":{"line":115,"column":2},"end":{"line":115,"column":10}},"loc":{"start":{"line":115,"column":55},"end":{"line":120,"column":3}}},"14":{"name":"(anonymous_14)","decl":{"start":{"line":117,"column":11},"end":{"line":117,"column":14}},"loc":{"start":{"line":117,"column":16},"end":{"line":119,"column":5}}},"15":{"name":"(anonymous_15)","decl":{"start":{"line":122,"column":10},"end":{"line":122,"column":22}},"loc":{"start":{"line":122,"column":22},"end":{"line":125,"column":3}}},"16":{"name":"(anonymous_16)","decl":{"start":{"line":124,"column":33},"end":{"line":124,"column":41}},"loc":{"start":{"line":124,"column":45},"end":{"line":124,"column":62}}}},"branchMap":{"0":{"loc":{"start":{"line":40,"column":4},"end":{"line":44,"column":5}},"type":"if","locations":[{"start":{"line":40,"column":4},"end":{"line":44,"column":5}}]},"1":{"loc":{"start":{"line":49,"column":4},"end":{"line":53,"column":5}},"type":"if","locations":[{"start":{"line":49,"column":4},"end":{"line":53,"column":5}}]},"2":{"loc":{"start":{"line":58,"column":11},"end":{"line":58,"column":40}},"type":"cond-expr","locations":[{"start":{"line":58,"column":20},"end":{"line":58,"column":35}},{"start":{"line":58,"column":38},"end":{"line":58,"column":40}}]},"3":{"loc":{"start":{"line":63,"column":4},"end":{"line":65,"column":5}},"type":"if","locations":[{"start":{"line":63,"column":4},"end":{"line":65,"column":5}}]},"4":{"loc":{"start":{"line":83,"column":4},"end":{"line":85,"column":5}},"type":"if","locations":[{"start":{"line":83,"column":4},"end":{"line":85,"column":5}}]},"5":{"loc":{"start":{"line":88,"column":4},"end":{"line":90,"column":5}},"type":"if","locations":[{"start":{"line":88,"column":4},"end":{"line":90,"column":5}}]},"6":{"loc":{"start":{"line":94,"column":4},"end":{"line":96,"column":5}},"type":"if","locations":[{"start":{"line":94,"column":4},"end":{"line":96,"column":5}}]},"7":{"loc":{"start":{"line":104,"column":4},"end":{"line":106,"column":5}},"type":"if","locations":[{"start":{"line":104,"column":4},"end":{"line":106,"column":5}}]},"8":{"loc":{"start":{"line":109,"column":4},"end":{"line":112,"column":5}},"type":"if","locations":[{"start":{"line":109,"column":4},"end":{"line":112,"column":5}}]}},"s":{"0":4,"1":162,"2":162,"3":162,"4":129,"5":16,"6":71,"7":71,"8":71,"9":71,"10":4,"11":4,"12":8,"13":8,"14":8,"15":8,"16":8,"17":3,"18":3,"19":3,"20":3,"21":3,"22":10,"23":10,"24":16,"25":16,"26":1,"27":15,"28":15,"29":15,"30":15,"31":7,"32":7,"33":2,"34":5,"35":4,"36":5,"37":1,"38":4,"39":4,"40":4,"41":1,"42":4,"43":4,"44":4,"45":4,"46":0,"47":4,"48":3,"49":4,"50":3,"51":3,"52":23,"53":23,"54":21,"55":108,"56":108,"57":14,"58":4},"f":{"0":162,"1":129,"2":16,"3":71,"4":4,"5":8,"6":3,"7":10,"8":16,"9":7,"10":4,"11":4,"12":3,"13":23,"14":21,"15":108,"16":14},"b":{"0":[8],"1":[3],"2":[9,1],"3":[1],"4":[2],"5":[1],"6":[1],"7":[0],"8":[3]}}
,"/Users/kyungrae/workspace/dev/js/tiptaptoe/packages/@tiptaptoe/extension-comments/src/utils/hover.ts": {"path":"/Users/kyungrae/workspace/dev/js/tiptaptoe/packages/@tiptaptoe/extension-comments/src/utils/hover.ts","statementMap":{"0":{"start":{"line":3,"column":0},"end":{"line":3,"column":16}},"1":{"start":{"line":33,"column":0},"end":{"line":33,"column":16}},"2":{"start":{"line":45,"column":0},"end":{"line":45,"column":16}},"3":{"start":{"line":58,"column":0},"end":{"line":58,"column":16}},"4":{"start":{"line":4,"column":2},"end":{"line":4,"column":42}},"5":{"start":{"line":4,"column":36},"end":{"line":4,"column":42}},"6":{"start":{"line":6,"column":19},"end":{"line":6,"column":25}},"7":{"start":{"line":7,"column":18},"end":{"line":7,"column":28}},"8":{"start":{"line":10,"column":2},"end":{"line":10,"column":null}},"9":{"start":{"line":13,"column":2},"end":{"line":30,"column":null}},"10":{"start":{"line":14,"column":4},"end":{"line":29,"column":5}},"11":{"start":{"line":15,"column":6},"end":{"line":28,"column":null}},"12":{"start":{"line":16,"column":8},"end":{"line":27,"column":9}},"13":{"start":{"line":17,"column":22},"end":{"line":17,"column":40}},"14":{"start":{"line":18,"column":10},"end":{"line":26,"column":11}},"15":{"start":{"line":19,"column":28},"end":{"line":19,"column":51}},"16":{"start":{"line":20,"column":35},"end":{"line":21,"column":100}},"17":{"start":{"line":23,"column":12},"end":{"line":25,"column":13}},"18":{"start":{"line":24,"column":14},"end":{"line":24,"column":null}},"19":{"start":{"line":34,"column":2},"end":{"line":34,"column":21}},"20":{"start":{"line":34,"column":15},"end":{"line":34,"column":21}},"21":{"start":{"line":36,"column":19},"end":{"line":36,"column":25}},"22":{"start":{"line":39,"column":24},"end":{"line":39,"column":74}},"23":{"start":{"line":40,"column":2},"end":{"line":42,"column":null}},"24":{"start":{"line":41,"column":4},"end":{"line":41,"column":null}},"25":{"start":{"line":46,"column":18},"end":{"line":46,"column":30}},"26":{"start":{"line":47,"column":30},"end":{"line":47,"column":32}},"27":{"start":{"line":49,"column":2},"end":{"line":53,"column":null}},"28":{"start":{"line":50,"column":4},"end":{"line":52,"column":5}},"29":{"start":{"line":51,"column":6},"end":{"line":51,"column":null}},"30":{"start":{"line":55,"column":2},"end":{"line":55,"column":null}},"31":{"start":{"line":59,"column":18},"end":{"line":59,"column":30}},"32":{"start":{"line":60,"column":72},"end":{"line":60,"column":74}},"33":{"start":{"line":62,"column":2},"end":{"line":74,"column":null}},"34":{"start":{"line":63,"column":4},"end":{"line":73,"column":5}},"35":{"start":{"line":64,"column":6},"end":{"line":72,"column":null}},"36":{"start":{"line":65,"column":8},"end":{"line":71,"column":9}},"37":{"start":{"line":66,"column":10},"end":{"line":70,"column":null}},"38":{"start":{"line":76,"column":2},"end":{"line":76,"column":null}}},"fnMap":{"0":{"name":"hoverThread","decl":{"start":{"line":3,"column":16},"end":{"line":3,"column":27}},"loc":{"start":{"line":3,"column":63},"end":{"line":31,"column":1}}},"1":{"name":"(anonymous_1)","decl":{"start":{"line":13,"column":18},"end":{"line":13,"column":19}},"loc":{"start":{"line":13,"column":32},"end":{"line":30,"column":3}}},"2":{"name":"(anonymous_2)","decl":{"start":{"line":15,"column":25},"end":{"line":15,"column":29}},"loc":{"start":{"line":15,"column":32},"end":{"line":28,"column":7}}},"3":{"name":"hoverOffThread","decl":{"start":{"line":33,"column":16},"end":{"line":33,"column":30}},"loc":{"start":{"line":33,"column":45},"end":{"line":43,"column":1}}},"4":{"name":"(anonymous_4)","decl":{"start":{"line":40,"column":24},"end":{"line":40,"column":31}},"loc":{"start":{"line":40,"column":34},"end":{"line":42,"column":3}}},"5":{"name":"getThreadsAtPosition","decl":{"start":{"line":45,"column":16},"end":{"line":45,"column":36}},"loc":{"start":{"line":45,"column":64},"end":{"line":56,"column":1}}},"6":{"name":"(anonymous_6)","decl":{"start":{"line":49,"column":34},"end":{"line":49,"column":38}},"loc":{"start":{"line":49,"column":41},"end":{"line":53,"column":3}}},"7":{"name":"getAllThreadRanges","decl":{"start":{"line":58,"column":16},"end":{"line":58,"column":34}},"loc":{"start":{"line":58,"column":49},"end":{"line":77,"column":1}}},"8":{"name":"(anonymous_8)","decl":{"start":{"line":62,"column":18},"end":{"line":62,"column":19}},"loc":{"start":{"line":62,"column":32},"end":{"line":74,"column":3}}},"9":{"name":"(anonymous_9)","decl":{"start":{"line":64,"column":25},"end":{"line":64,"column":29}},"loc":{"start":{"line":64,"column":32},"end":{"line":72,"column":7}}}},"branchMap":{"0":{"loc":{"start":{"line":4,"column":2},"end":{"line":4,"column":42}},"type":"if","locations":[{"start":{"line":4,"column":2},"end":{"line":4,"column":42}}]},"1":{"loc":{"start":{"line":4,"column":6},"end":{"line":4,"column":34}},"type":"binary-expr","locations":[{"start":{"line":4,"column":6},"end":{"line":4,"column":13}},{"start":{"line":4,"column":17},"end":{"line":4,"column":34}}]},"2":{"loc":{"start":{"line":14,"column":4},"end":{"line":29,"column":5}},"type":"if","locations":[{"start":{"line":14,"column":4},"end":{"line":29,"column":5}}]},"3":{"loc":{"start":{"line":16,"column":8},"end":{"line":27,"column":9}},"type":"if","locations":[{"start":{"line":16,"column":8},"end":{"line":27,"column":9}}]},"4":{"loc":{"start":{"line":16,"column":12},"end":{"line":16,"column":87}},"type":"binary-expr","locations":[{"start":{"line":16,"column":12},"end":{"line":16,"column":44}},{"start":{"line":16,"column":48},"end":{"line":16,"column":87}}]},"5":{"loc":{"start":{"line":18,"column":10},"end":{"line":26,"column":11}},"type":"if","locations":[{"start":{"line":18,"column":10},"end":{"line":26,"column":11}}]},"6":{"loc":{"start":{"line":18,"column":14},"end":{"line":18,"column":65}},"type":"binary-expr","locations":[{"start":{"line":18,"column":14},"end":{"line":18,"column":22}},{"start":{"line":18,"column":26},"end":{"line":18,"column":65}}]},"7":{"loc":{"start":{"line":20,"column":35},"end":{"line":21,"column":100}},"type":"binary-expr","locations":[{"start":{"line":20,"column":35},"end":{"line":20,"column":70}},{"start":{"line":21,"column":34},"end":{"line":21,"column":100}}]},"8":{"loc":{"start":{"line":23,"column":12},"end":{"line":25,"column":13}},"type":"if","locations":[{"start":{"line":23,"column":12},"end":{"line":25,"column":13}}]},"9":{"loc":{"start":{"line":34,"column":2},"end":{"line":34,"column":21}},"type":"if","locations":[{"start":{"line":34,"column":2},"end":{"line":34,"column":21}}]},"10":{"loc":{"start":{"line":50,"column":4},"end":{"line":52,"column":5}},"type":"if","locations":[{"start":{"line":50,"column":4},"end":{"line":52,"column":5}}]},"11":{"loc":{"start":{"line":50,"column":8},"end":{"line":50,"column":63}},"type":"binary-expr","locations":[{"start":{"line":50,"column":8},"end":{"line":50,"column":40}},{"start":{"line":50,"column":44},"end":{"line":50,"column":63}}]},"12":{"loc":{"start":{"line":63,"column":4},"end":{"line":73,"column":5}},"type":"if","locations":[{"start":{"line":63,"column":4},"end":{"line":73,"column":5}}]},"13":{"loc":{"start":{"line":65,"column":8},"end":{"line":71,"column":9}},"type":"if","locations":[{"start":{"line":65,"column":8},"end":{"line":71,"column":9}}]},"14":{"loc":{"start":{"line":65,"column":12},"end":{"line":65,"column":67}},"type":"binary-expr","locations":[{"start":{"line":65,"column":12},"end":{"line":65,"column":44}},{"start":{"line":65,"column":48},"end":{"line":65,"column":67}}]}},"s":{"0":1,"1":1,"2":1,"3":1,"4":9,"5":2,"6":7,"7":7,"8":7,"9":6,"10":16,"11":16,"12":4,"13":4,"14":4,"15":4,"16":4,"17":4,"18":4,"19":12,"20":1,"21":11,"22":11,"23":9,"24":5,"25":7,"26":7,"27":7,"28":2,"29":2,"30":5,"31":6,"32":6,"33":6,"34":23,"35":23,"36":9,"37":9,"38":6},"f":{"0":9,"1":16,"2":4,"3":12,"4":5,"5":7,"6":2,"7":6,"8":23,"9":9},"b":{"0":[2],"1":[9,8],"2":[16],"3":[4],"4":[4,4],"5":[4],"6":[4,4],"7":[4,4],"8":[4],"9":[1],"10":[2],"11":[2,2],"12":[23],"13":[9],"14":[9,9]}}
}
