TN:
SF:src/index.ts
FN:2,(anonymous_0)
FN:5,(anonymous_1)
FN:8,(anonymous_2)
FN:11,(anonymous_3)
FN:11,(anonymous_4)
FN:11,(anonymous_5)
FN:11,(anonymous_6)
FN:14,(anonymous_7)
FNF:8
FNH:0
FNDA:0,(anonymous_0)
FNDA:0,(anonymous_1)
FNDA:0,(anonymous_2)
FNDA:0,(anonymous_3)
FNDA:0,(anonymous_4)
FNDA:0,(anonymous_5)
FNDA:0,(anonymous_6)
FNDA:0,(anonymous_7)
DA:2,0
DA:5,0
DA:8,0
DA:11,0
DA:14,0
LF:5
LH:0
BRF:0
BRH:0
end_of_record
TN:
SF:src/extension/CommentsKit.ts
FN:10,(anonymous_0)
FN:23,(anonymous_1)
FN:31,(anonymous_2)
FN:48,(anonymous_3)
FN:51,(anonymous_4)
FN:60,(anonymous_5)
FN:64,(anonymous_6)
FN:68,(anonymous_7)
FN:68,(anonymous_8)
FN:101,(anonymous_9)
FN:101,(anonymous_10)
FN:111,(anonymous_11)
FN:113,(anonymous_12)
FN:138,(anonymous_13)
FN:138,(anonymous_14)
FN:159,(anonymous_15)
FN:159,(anonymous_16)
FN:170,(anonymous_17)
FN:170,(anonymous_18)
FN:198,(anonymous_19)
FN:198,(anonymous_20)
FN:216,(anonymous_21)
FN:216,(anonymous_22)
FN:238,(anonymous_23)
FN:238,(anonymous_24)
FN:258,(anonymous_25)
FN:260,(anonymous_26)
FNF:27
FNH:24
FNDA:3,(anonymous_0)
FNDA:71,(anonymous_1)
FNDA:143,(anonymous_2)
FNDA:0,(anonymous_3)
FNDA:0,(anonymous_4)
FNDA:71,(anonymous_5)
FNDA:71,(anonymous_6)
FNDA:39,(anonymous_7)
FNDA:39,(anonymous_8)
FNDA:3,(anonymous_9)
FNDA:3,(anonymous_10)
FNDA:8,(anonymous_11)
FNDA:2,(anonymous_12)
FNDA:3,(anonymous_13)
FNDA:3,(anonymous_14)
FNDA:1,(anonymous_15)
FNDA:1,(anonymous_16)
FNDA:5,(anonymous_17)
FNDA:5,(anonymous_18)
FNDA:2,(anonymous_19)
FNDA:2,(anonymous_20)
FNDA:4,(anonymous_21)
FNDA:4,(anonymous_22)
FNDA:2,(anonymous_23)
FNDA:2,(anonymous_24)
FNDA:71,(anonymous_25)
FNDA:0,(anonymous_26)
DA:1,3
DA:2,3
DA:3,3
DA:4,3
DA:7,3
DA:11,3
DA:24,71
DA:32,143
DA:38,143
DA:40,143
DA:50,0
DA:51,0
DA:53,0
DA:65,71
DA:67,71
DA:68,39
DA:69,39
DA:70,39
DA:72,39
DA:73,1
DA:76,38
DA:77,38
DA:79,38
DA:80,38
DA:83,38
DA:84,38
DA:86,38
DA:87,1
DA:90,38
DA:91,38
DA:94,38
DA:96,0
DA:97,0
DA:101,3
DA:102,3
DA:104,3
DA:105,3
DA:108,3
DA:109,3
DA:111,3
DA:112,8
DA:113,8
DA:114,2
DA:115,2
DA:121,3
DA:123,3
DA:124,1
DA:127,3
DA:128,3
DA:131,3
DA:133,0
DA:134,0
DA:138,3
DA:139,3
DA:141,3
DA:142,1
DA:145,2
DA:146,2
DA:148,2
DA:149,1
DA:152,2
DA:153,2
DA:156,2
DA:159,1
DA:160,1
DA:161,1
DA:163,1
DA:164,1
DA:167,1
DA:170,5
DA:171,5
DA:173,5
DA:174,5
DA:175,5
DA:176,1
DA:177,1
DA:180,4
DA:181,4
DA:183,4
DA:184,1
DA:187,4
DA:188,4
DA:191,4
DA:193,0
DA:194,0
DA:198,2
DA:199,2
DA:201,2
DA:202,2
DA:203,2
DA:205,2
DA:206,2
DA:209,2
DA:211,0
DA:212,0
DA:216,4
DA:217,4
DA:219,4
DA:220,4
DA:221,3
DA:223,3
DA:224,1
DA:227,3
DA:228,3
DA:231,3
DA:233,1
DA:234,1
DA:238,2
DA:239,2
DA:241,2
DA:242,2
DA:243,2
DA:245,2
DA:246,2
DA:249,2
DA:251,0
DA:252,0
DA:259,71
DA:261,0
DA:262,0
DA:263,0
DA:265,0
LF:122
LH:105
BRDA:26,0,0,0
BRDA:26,0,1,71
BRDA:32,1,0,143
BRDA:32,1,1,3
BRDA:38,2,0,143
BRDA:38,2,1,141
BRDA:50,3,0,0
BRDA:68,4,0,0
BRDA:72,5,0,1
BRDA:76,6,0,38
BRDA:76,6,1,0
BRDA:77,7,0,38
BRDA:77,7,1,38
BRDA:86,8,0,1
BRDA:90,9,0,38
BRDA:112,10,0,8
BRDA:114,11,0,2
BRDA:114,12,0,2
BRDA:114,12,1,2
BRDA:123,13,0,1
BRDA:127,14,0,3
BRDA:141,15,0,1
BRDA:148,16,0,1
BRDA:152,17,0,2
BRDA:163,18,0,1
BRDA:175,19,0,1
BRDA:183,20,0,1
BRDA:187,21,0,4
BRDA:205,22,0,2
BRDA:223,23,0,1
BRDA:227,24,0,3
BRDA:245,25,0,2
BRDA:262,26,0,0
BRF:33
BRH:28
end_of_record
TN:
SF:src/hooks/useThreads.ts
FN:17,useThreads
FN:25,(anonymous_1)
FN:35,(anonymous_2)
FN:52,(anonymous_3)
FN:58,(anonymous_4)
FN:64,(anonymous_5)
FN:70,(anonymous_6)
FN:86,(anonymous_7)
FN:95,(anonymous_8)
FNF:9
FNH:9
FNDA:53,useThreads
FNDA:23,(anonymous_1)
FNDA:5,(anonymous_2)
FNDA:2,(anonymous_3)
FNDA:2,(anonymous_4)
FNDA:2,(anonymous_5)
FNDA:2,(anonymous_6)
FNDA:2,(anonymous_7)
FNDA:4,(anonymous_8)
DA:1,1
DA:3,1
DA:17,1
DA:22,53
DA:25,53
DA:26,23
DA:28,20
DA:29,20
DA:31,20
DA:32,20
DA:35,53
DA:36,5
DA:38,3
DA:39,2
DA:41,1
DA:43,1
DA:45,1
DA:47,0
DA:48,0
DA:52,53
DA:53,2
DA:55,1
DA:58,53
DA:59,2
DA:61,1
DA:64,53
DA:65,2
DA:67,1
DA:70,53
DA:76,2
DA:78,1
DA:86,53
DA:87,2
DA:89,1
DA:95,53
DA:100,4
DA:102,3
DA:103,3
DA:105,1
DA:109,53
LF:40
LH:38
BRDA:26,0,0,3
BRDA:36,1,0,2
BRDA:36,2,0,5
BRDA:36,2,1,4
BRDA:39,3,0,1
BRDA:53,4,0,1
BRDA:59,5,0,1
BRDA:65,6,0,1
BRDA:76,7,0,1
BRDA:87,8,0,1
BRDA:100,9,0,1
BRF:11
BRH:11
end_of_record
TN:
SF:src/marks/CommentMark.ts
FN:21,(anonymous_0)
FN:28,(anonymous_1)
FN:32,(anonymous_2)
FN:33,(anonymous_3)
FN:39,(anonymous_4)
FN:40,(anonymous_5)
FN:47,(anonymous_6)
FN:55,(anonymous_7)
FN:65,(anonymous_8)
FN:67,(anonymous_9)
FN:67,(anonymous_10)
FN:70,(anonymous_11)
FN:70,(anonymous_12)
FN:75,(anonymous_13)
FN:77,(anonymous_14)
FN:88,(anonymous_15)
FN:97,(anonymous_16)
FN:97,(anonymous_17)
FNF:18
FNH:18
FNDA:4,(anonymous_0)
FNDA:87,(anonymous_1)
FNDA:3,(anonymous_2)
FNDA:65,(anonymous_3)
FNDA:3,(anonymous_4)
FNDA:65,(anonymous_5)
FNDA:87,(anonymous_6)
FNDA:65,(anonymous_7)
FNDA:87,(anonymous_8)
FNDA:14,(anonymous_9)
FNDA:14,(anonymous_10)
FNDA:3,(anonymous_11)
FNDA:3,(anonymous_12)
FNDA:8,(anonymous_13)
FNDA:4,(anonymous_14)
FNDA:2,(anonymous_15)
FNDA:2,(anonymous_16)
FNDA:2,(anonymous_17)
DA:1,4
DA:18,4
DA:22,4
DA:29,87
DA:32,3
DA:33,65
DA:39,3
DA:40,65
DA:48,87
DA:56,65
DA:66,87
DA:67,14
DA:68,14
DA:70,3
DA:71,3
DA:72,2
DA:73,2
DA:75,2
DA:76,8
DA:77,8
DA:78,4
DA:79,2
DA:88,2
DA:89,2
DA:92,2
DA:95,1
DA:97,2
DA:98,2
LF:28
LH:28
BRDA:71,0,0,2
BRDA:76,1,0,8
BRDA:78,2,0,2
BRDA:78,3,0,4
BRDA:78,3,1,4
BRF:5
BRH:5
end_of_record
TN:
SF:src/storage/DefaultProvider.ts
FN:8,(anonymous_0)
FN:12,(anonymous_1)
FN:16,(anonymous_2)
FN:20,(anonymous_3)
FN:33,(anonymous_4)
FN:38,(anonymous_5)
FN:47,(anonymous_6)
FN:56,(anonymous_7)
FN:61,(anonymous_8)
FN:81,(anonymous_9)
FN:87,(anonymous_10)
FN:102,(anonymous_11)
FN:108,(anonymous_12)
FN:115,(anonymous_13)
FN:117,(anonymous_14)
FN:122,(anonymous_15)
FN:124,(anonymous_16)
FNF:17
FNH:17
FNDA:162,(anonymous_0)
FNDA:129,(anonymous_1)
FNDA:16,(anonymous_2)
FNDA:71,(anonymous_3)
FNDA:4,(anonymous_4)
FNDA:8,(anonymous_5)
FNDA:3,(anonymous_6)
FNDA:10,(anonymous_7)
FNDA:16,(anonymous_8)
FNDA:7,(anonymous_9)
FNDA:4,(anonymous_10)
FNDA:4,(anonymous_11)
FNDA:3,(anonymous_12)
FNDA:23,(anonymous_13)
FNDA:21,(anonymous_14)
FNDA:108,(anonymous_15)
FNDA:14,(anonymous_16)
DA:1,4
DA:4,4
DA:5,162
DA:6,162
DA:8,162
DA:13,129
DA:17,16
DA:21,71
DA:28,71
DA:29,71
DA:30,71
DA:34,4
DA:35,4
DA:39,8
DA:40,8
DA:41,8
DA:42,8
DA:43,8
DA:48,3
DA:49,3
DA:50,3
DA:51,3
DA:52,3
DA:57,10
DA:58,10
DA:62,16
DA:63,16
DA:64,1
DA:67,15
DA:76,15
DA:77,15
DA:78,15
DA:82,7
DA:83,7
DA:84,2
DA:87,5
DA:88,5
DA:89,1
DA:92,4
DA:93,4
DA:94,4
DA:95,1
DA:98,4
DA:99,4
DA:103,4
DA:104,4
DA:105,0
DA:108,4
DA:109,4
DA:110,3
DA:111,3
DA:116,23
DA:117,23
DA:118,21
DA:123,108
DA:124,108
LF:56
LH:55
BRDA:40,0,0,8
BRDA:49,1,0,3
BRDA:58,2,0,9
BRDA:58,2,1,1
BRDA:63,3,0,1
BRDA:83,4,0,2
BRDA:88,5,0,1
BRDA:94,6,0,1
BRDA:104,7,0,0
BRDA:109,8,0,3
BRF:10
BRH:9
end_of_record
TN:
SF:src/utils/hover.ts
FN:3,hoverThread
FN:13,(anonymous_1)
FN:15,(anonymous_2)
FN:33,hoverOffThread
FN:40,(anonymous_4)
FN:45,getThreadsAtPosition
FN:49,(anonymous_6)
FN:58,getAllThreadRanges
FN:62,(anonymous_8)
FN:64,(anonymous_9)
FNF:10
FNH:10
FNDA:9,hoverThread
FNDA:16,(anonymous_1)
FNDA:4,(anonymous_2)
FNDA:12,hoverOffThread
FNDA:5,(anonymous_4)
FNDA:7,getThreadsAtPosition
FNDA:2,(anonymous_6)
FNDA:6,getAllThreadRanges
FNDA:23,(anonymous_8)
FNDA:9,(anonymous_9)
DA:3,1
DA:4,9
DA:6,7
DA:7,7
DA:10,7
DA:13,6
DA:14,16
DA:15,16
DA:16,4
DA:17,4
DA:18,4
DA:19,4
DA:20,4
DA:23,4
DA:24,4
DA:33,1
DA:34,12
DA:36,11
DA:39,11
DA:40,9
DA:41,5
DA:45,1
DA:46,7
DA:47,7
DA:49,7
DA:50,2
DA:51,2
DA:55,5
DA:58,1
DA:59,6
DA:60,6
DA:62,6
DA:63,23
DA:64,23
DA:65,9
DA:66,9
DA:76,6
LF:37
LH:37
BRDA:4,0,0,2
BRDA:4,1,0,9
BRDA:4,1,1,8
BRDA:14,2,0,16
BRDA:16,3,0,4
BRDA:16,4,0,4
BRDA:16,4,1,4
BRDA:18,5,0,4
BRDA:18,6,0,4
BRDA:18,6,1,4
BRDA:20,7,0,4
BRDA:20,7,1,4
BRDA:23,8,0,4
BRDA:34,9,0,1
BRDA:50,10,0,2
BRDA:50,11,0,2
BRDA:50,11,1,2
BRDA:63,12,0,23
BRDA:65,13,0,9
BRDA:65,14,0,9
BRDA:65,14,1,9
BRF:21
BRH:21
end_of_record
